<?xml version="1.0" encoding="UTF-8"?>
<!-- Generated by org.testng.reporters.JUnitReportReporter -->
<testsuite hostname="DESKTOP-FJP42BF" failures="0" tests="4" name="com.tutorialninja.testcases.LoginTest" time="109.754" errors="0" timestamp="2023-10-26T23:21:26 PDT" skipped="0">
  <testcase classname="com.tutorialninja.testcases.LoginTest" name="verifyLoginWithValidCreditionals" time="20.554"/>
  <testcase classname="com.tutorialninja.testcases.LoginTest" name="verifyLoginWithValidCreditionals" time="60.155"/>
  <testcase classname="com.tutorialninja.testcases.LoginTest" name="verifyLoginWithValidCreditionals" time="9.425"/>
  <testcase classname="com.tutorialninja.testcases.LoginTest" name="verifyLoginWithWrongCreditionals" time="19.620"/>
</testsuite> <!-- com.tutorialninja.testcases.LoginTest -->
