<?xml version="1.0" encoding="UTF-8"?>
<!-- Generated by org.testng.reporters.JUnitReportReporter -->
<testsuite hostname="DESKTOP-FJP42BF" failures="0" tests="2" name="com.tutorialninja.testcases.Search" time="10.521" errors="0" timestamp="2023-10-26T07:36:30 PDT" skipped="0">
  <testcase classname="com.tutorialninja.testcases.Search" name="serachWithValidProduct" time="5.220"/>
  <testcase classname="com.tutorialninja.testcases.Search" name="serachWithoutEntring" time="5.301"/>
</testsuite> <!-- com.tutorialninja.testcases.Search -->
