<?xml version="1.0" encoding="UTF-8"?>
<!-- Generated by org.testng.reporters.JUnitReportReporter -->
<testsuite hostname="DESKTOP-FJP42BF" failures="0" tests="2" name="com.tutorialninja.testcases.Register" time="15.985" errors="0" timestamp="2023-10-26T07:36:30 PDT" skipped="0">
  <testcase classname="com.tutorialninja.testcases.Register" name="verifyRegisterFunctionalitywithManadteryFields" time="7.038"/>
  <testcase classname="com.tutorialninja.testcases.Register" name="verifyRegisterFunctionalitywithAllFields" time="8.947"/>
</testsuite> <!-- com.tutorialninja.testcases.Register -->
