<?xml version="1.0" encoding="UTF-8"?>
<!-- Generated by org.testng.reporters.JUnitReportReporter -->
<testsuite hostname="DESKTOP-FJP42BF" failures="0" tests="4" name="com.tutorialninja.testcases.Login" time="25.551" errors="0" timestamp="2023-10-26T07:36:30 PDT" skipped="0">
  <testcase classname="com.tutorialninja.testcases.Login" name="verifyLoginWithValidCreditionals" time="6.567"/>
  <testcase classname="com.tutorialninja.testcases.Login" name="verifyLoginWithValidCreditionals" time="5.713"/>
  <testcase classname="com.tutorialninja.testcases.Login" name="verifyLoginWithValidCreditionals" time="5.896"/>
  <testcase classname="com.tutorialninja.testcases.Login" name="verifyLoginWithWrongCreditionals" time="7.375"/>
</testsuite> <!-- com.tutorialninja.testcases.Login -->
