<?xml version="1.0" encoding="UTF-8"?>
<!-- Generated by org.testng.reporters.JUnitReportReporter -->
<testsuite hostname="DESKTOP-FJP42BF" failures="0" tests="2" name="com.tutorialninja.testcases.SearchTest" time="34.307" errors="0" timestamp="2023-10-26T23:21:26 PDT" skipped="0">
  <testcase classname="com.tutorialninja.testcases.SearchTest" name="serachWithValidProduct" time="11.044"/>
  <testcase classname="com.tutorialninja.testcases.SearchTest" name="serachWithoutEntring" time="23.263"/>
</testsuite> <!-- com.tutorialninja.testcases.SearchTest -->
