<?xml version="1.0" encoding="UTF-8"?>
<!-- Generated by org.testng.reporters.JUnitReportReporter -->
<testsuite hostname="DESKTOP-FJP42BF" failures="0" tests="2" name="com.tutorialninja.testcases.RegisterTest" time="85.232" errors="0" timestamp="2023-10-26T23:21:26 PDT" skipped="0">
  <testcase classname="com.tutorialninja.testcases.RegisterTest" name="verifyRegisterFunctionalitywithManadteryFields" time="23.959"/>
  <testcase classname="com.tutorialninja.testcases.RegisterTest" name="verifyRegisterFunctionalitywithAllFields" time="61.273"/>
</testsuite> <!-- com.tutorialninja.testcases.RegisterTest -->
